<?xml version="1.0" encoding="UTF-8"?>
<!-- Generated by org.testng.reporters.JUnitReportReporter -->
<testsuite hostname="NI-CNU409DTV0" failures="0" tests="4" name="test.testcases" time="97.640" errors="2" timestamp="2020-01-24T10:28:07 SGT" skipped="0">
  <testcase classname="test.testcases" name="endTest" time="48.358">
    <error message="An unknown server-side error occurred while processing the command. Original error: Could not proxy. Proxy error: Could not proxy command to remote server. Original error: 404 - undefined
Build info: version: &#039;3.141.59&#039;, revision: &#039;e82be7d358&#039;, time: &#039;2018-11-14T08:17:03&#039;
System info: host: &#039;NI-CNU409DTV0&#039;, ip: &#039;10.0.75.1&#039;, os.name: &#039;Windows 10&#039;, os.arch: &#039;amd64&#039;, os.version: &#039;10.0&#039;, java.version: &#039;13.0.1&#039;
Driver info: io.appium.java_client.android.AndroidDriver
Capabilities {app: C:\Users\senghwee\eclipse-w..., appActivity: com.sph.straitstimes.views...., appPackage: com.buuuk.st, automationName: UiAutomator2, databaseEnabled: false, desired: {app: C:\Users\senghwee\eclipse-w..., appActivity: com.sph.straitstimes.views...., appPackage: com.buuuk.st, automationName: UiAutomator2, deviceName: Samsung Galaxy Note 4, fullReset: false, noReset: true, platformName: android, systemPort: 8201, udid: 4222c2db}, deviceApiLevel: 23, deviceManufacturer: samsung, deviceModel: SM-N910G, deviceName: 4222c2db, deviceScreenDensity: 640, deviceScreenSize: 1440x2560, deviceUDID: 4222c2db, fullReset: false, javascriptEnabled: true, locationContextEnabled: false, networkConnectionEnabled: true, noReset: true, pixelRatio: 4, platform: LINUX, platformName: Android, platformVersion: 6.0.1, statBarHeight: 96, systemPort: 8201, takesScreenshot: true, udid: 4222c2db, viewportRect: {height: 2464, left: 0, top: 96, width: 1440}, warnings: {}, webStorageEnabled: false}
Session ID: b044f1c2-cb16-4c9c-9cdc-55dbae54cb8b" type="org.openqa.selenium.WebDriverException">
      <![CDATA[org.openqa.selenium.WebDriverException: An unknown server-side error occurred while processing the command. Original error: Could not proxy. Proxy error: Could not proxy command to remote server. Original error: 404 - undefined
Build info: version: '3.141.59', revision: 'e82be7d358', time: '2018-11-14T08:17:03'
System info: host: 'NI-CNU409DTV0', ip: '10.0.75.1', os.name: 'Windows 10', os.arch: 'amd64', os.version: '10.0', java.version: '13.0.1'
Driver info: io.appium.java_client.android.AndroidDriver
Capabilities {app: C:\Users\senghwee\eclipse-w..., appActivity: com.sph.straitstimes.views...., appPackage: com.buuuk.st, automationName: UiAutomator2, databaseEnabled: false, desired: {app: C:\Users\senghwee\eclipse-w..., appActivity: com.sph.straitstimes.views...., appPackage: com.buuuk.st, automationName: UiAutomator2, deviceName: Samsung Galaxy Note 4, fullReset: false, noReset: true, platformName: android, systemPort: 8201, udid: 4222c2db}, deviceApiLevel: 23, deviceManufacturer: samsung, deviceModel: SM-N910G, deviceName: 4222c2db, deviceScreenDensity: 640, deviceScreenSize: 1440x2560, deviceUDID: 4222c2db, fullReset: false, javascriptEnabled: true, locationContextEnabled: false, networkConnectionEnabled: true, noReset: true, pixelRatio: 4, platform: LINUX, platformName: Android, platformVersion: 6.0.1, statBarHeight: 96, systemPort: 8201, takesScreenshot: true, udid: 4222c2db, viewportRect: {height: 2464, left: 0, top: 96, width: 1440}, warnings: {}, webStorageEnabled: false}
Session ID: b044f1c2-cb16-4c9c-9cdc-55dbae54cb8b
at java.base/jdk.internal.reflect.NativeConstructorAccessorImpl.newInstance0(Native Method)
at java.base/jdk.internal.reflect.NativeConstructorAccessorImpl.newInstance(NativeConstructorAccessorImpl.java:62)
at java.base/jdk.internal.reflect.DelegatingConstructorAccessorImpl.newInstance(DelegatingConstructorAccessorImpl.java:45)
at java.base/java.lang.reflect.Constructor.newInstanceWithCaller(Constructor.java:500)
at java.base/java.lang.reflect.Constructor.newInstance(Constructor.java:481)
at org.openqa.selenium.remote.http.W3CHttpResponseCodec.createException(W3CHttpResponseCodec.java:187)
at org.openqa.selenium.remote.http.W3CHttpResponseCodec.decode(W3CHttpResponseCodec.java:122)
at org.openqa.selenium.remote.http.W3CHttpResponseCodec.decode(W3CHttpResponseCodec.java:49)
at org.openqa.selenium.remote.HttpCommandExecutor.execute(HttpCommandExecutor.java:158)
at io.appium.java_client.remote.AppiumCommandExecutor.execute(AppiumCommandExecutor.java:239)
at org.openqa.selenium.remote.RemoteWebDriver.execute(RemoteWebDriver.java:552)
at io.appium.java_client.DefaultGenericMobileDriver.execute(DefaultGenericMobileDriver.java:45)
at io.appium.java_client.AppiumDriver.execute(AppiumDriver.java:1)
at io.appium.java_client.android.AndroidDriver.execute(AndroidDriver.java:1)
at org.openqa.selenium.remote.RemoteWebDriver.close(RemoteWebDriver.java:442)
at hooks.BeforeAfterHooks.endTest(BeforeAfterHooks.java:76)
at java.base/jdk.internal.reflect.NativeMethodAccessorImpl.invoke0(Native Method)
at java.base/jdk.internal.reflect.NativeMethodAccessorImpl.invoke(NativeMethodAccessorImpl.java:62)
at java.base/jdk.internal.reflect.DelegatingMethodAccessorImpl.invoke(DelegatingMethodAccessorImpl.java:43)
at java.base/java.lang.reflect.Method.invoke(Method.java:567)
at org.testng.internal.MethodInvocationHelper.invokeMethod(MethodInvocationHelper.java:134)
at org.testng.internal.MethodInvocationHelper.invokeMethodConsideringTimeout(MethodInvocationHelper.java:63)
at org.testng.internal.ConfigInvoker.invokeConfigurationMethod(ConfigInvoker.java:348)
at org.testng.internal.ConfigInvoker.invokeConfigurations(ConfigInvoker.java:302)
at org.testng.TestRunner.invokeTestConfigurations(TestRunner.java:619)
at org.testng.TestRunner.afterRun(TestRunner.java:849)
at org.testng.TestRunner.run(TestRunner.java:590)
at org.testng.SuiteRunner.runTest(SuiteRunner.java:384)
at org.testng.SuiteRunner.access$000(SuiteRunner.java:28)
at org.testng.SuiteRunner$SuiteWorker.run(SuiteRunner.java:425)
at org.testng.internal.thread.ThreadUtil.lambda$execute$0(ThreadUtil.java:68)
at java.base/java.util.concurrent.FutureTask.run(FutureTask.java:264)
at java.base/java.util.concurrent.ThreadPoolExecutor.runWorker(ThreadPoolExecutor.java:1128)
at java.base/java.util.concurrent.ThreadPoolExecutor$Worker.run(ThreadPoolExecutor.java:628)
at java.base/java.lang.Thread.run(Thread.java:830)
]]>
    </error>
  </testcase> <!-- endTest -->
  <system-out/>
  <testcase classname="test.testcases" name="agreeLiscensePage" time="2.618"/>
  <system-out/>
  <testcase classname="test.testcases" name="agreeLiscensePage" time="46.574"/>
  <system-out/>
  <testcase classname="test.testcases" name="endTest" time="0.090">
    <error message="An unknown server-side error occurred while processing the command. Original error: Could not proxy. Proxy error: Could not proxy command to remote server. Original error: 404 - undefined
Build info: version: &#039;3.141.59&#039;, revision: &#039;e82be7d358&#039;, time: &#039;2018-11-14T08:17:03&#039;
System info: host: &#039;NI-CNU409DTV0&#039;, ip: &#039;10.0.75.1&#039;, os.name: &#039;Windows 10&#039;, os.arch: &#039;amd64&#039;, os.version: &#039;10.0&#039;, java.version: &#039;13.0.1&#039;
Driver info: io.appium.java_client.android.AndroidDriver
Capabilities {app: C:\Users\senghwee\eclipse-w..., appActivity: com.sph.straitstimes.views...., appPackage: com.buuuk.st, automationName: UiAutomator2, databaseEnabled: false, desired: {app: C:\Users\senghwee\eclipse-w..., appActivity: com.sph.straitstimes.views...., appPackage: com.buuuk.st, automationName: UiAutomator2, deviceName: Android, fullReset: false, noReset: true, platformName: android, systemPort: 8200, udid: 22b222b23d047ece}, deviceApiLevel: 28, deviceManufacturer: samsung, deviceModel: SM-G960F, deviceName: 22b222b23d047ece, deviceScreenDensity: 480, deviceScreenSize: 1080x2220, deviceUDID: 22b222b23d047ece, fullReset: false, javascriptEnabled: true, locationContextEnabled: false, networkConnectionEnabled: true, noReset: true, pixelRatio: 3, platform: LINUX, platformName: Android, platformVersion: 9, statBarHeight: 72, systemPort: 8200, takesScreenshot: true, udid: 22b222b23d047ece, viewportRect: {height: 2004, left: 0, top: 72, width: 1080}, warnings: {}, webStorageEnabled: false}
Session ID: 64fc1709-625d-42f9-901b-e5859f6a1193" type="org.openqa.selenium.WebDriverException">
      <![CDATA[org.openqa.selenium.WebDriverException: An unknown server-side error occurred while processing the command. Original error: Could not proxy. Proxy error: Could not proxy command to remote server. Original error: 404 - undefined
Build info: version: '3.141.59', revision: 'e82be7d358', time: '2018-11-14T08:17:03'
System info: host: 'NI-CNU409DTV0', ip: '10.0.75.1', os.name: 'Windows 10', os.arch: 'amd64', os.version: '10.0', java.version: '13.0.1'
Driver info: io.appium.java_client.android.AndroidDriver
Capabilities {app: C:\Users\senghwee\eclipse-w..., appActivity: com.sph.straitstimes.views...., appPackage: com.buuuk.st, automationName: UiAutomator2, databaseEnabled: false, desired: {app: C:\Users\senghwee\eclipse-w..., appActivity: com.sph.straitstimes.views...., appPackage: com.buuuk.st, automationName: UiAutomator2, deviceName: Android, fullReset: false, noReset: true, platformName: android, systemPort: 8200, udid: 22b222b23d047ece}, deviceApiLevel: 28, deviceManufacturer: samsung, deviceModel: SM-G960F, deviceName: 22b222b23d047ece, deviceScreenDensity: 480, deviceScreenSize: 1080x2220, deviceUDID: 22b222b23d047ece, fullReset: false, javascriptEnabled: true, locationContextEnabled: false, networkConnectionEnabled: true, noReset: true, pixelRatio: 3, platform: LINUX, platformName: Android, platformVersion: 9, statBarHeight: 72, systemPort: 8200, takesScreenshot: true, udid: 22b222b23d047ece, viewportRect: {height: 2004, left: 0, top: 72, width: 1080}, warnings: {}, webStorageEnabled: false}
Session ID: 64fc1709-625d-42f9-901b-e5859f6a1193
at java.base/jdk.internal.reflect.NativeConstructorAccessorImpl.newInstance0(Native Method)
at java.base/jdk.internal.reflect.NativeConstructorAccessorImpl.newInstance(NativeConstructorAccessorImpl.java:62)
at java.base/jdk.internal.reflect.DelegatingConstructorAccessorImpl.newInstance(DelegatingConstructorAccessorImpl.java:45)
at java.base/java.lang.reflect.Constructor.newInstanceWithCaller(Constructor.java:500)
at java.base/java.lang.reflect.Constructor.newInstance(Constructor.java:481)
at org.openqa.selenium.remote.http.W3CHttpResponseCodec.createException(W3CHttpResponseCodec.java:187)
at org.openqa.selenium.remote.http.W3CHttpResponseCodec.decode(W3CHttpResponseCodec.java:122)
at org.openqa.selenium.remote.http.W3CHttpResponseCodec.decode(W3CHttpResponseCodec.java:49)
at org.openqa.selenium.remote.HttpCommandExecutor.execute(HttpCommandExecutor.java:158)
at io.appium.java_client.remote.AppiumCommandExecutor.execute(AppiumCommandExecutor.java:239)
at org.openqa.selenium.remote.RemoteWebDriver.execute(RemoteWebDriver.java:552)
at io.appium.java_client.DefaultGenericMobileDriver.execute(DefaultGenericMobileDriver.java:45)
at io.appium.java_client.AppiumDriver.execute(AppiumDriver.java:1)
at io.appium.java_client.android.AndroidDriver.execute(AndroidDriver.java:1)
at org.openqa.selenium.remote.RemoteWebDriver.close(RemoteWebDriver.java:442)
at hooks.BeforeAfterHooks.endTest(BeforeAfterHooks.java:76)
at java.base/jdk.internal.reflect.NativeMethodAccessorImpl.invoke0(Native Method)
at java.base/jdk.internal.reflect.NativeMethodAccessorImpl.invoke(NativeMethodAccessorImpl.java:62)
at java.base/jdk.internal.reflect.DelegatingMethodAccessorImpl.invoke(DelegatingMethodAccessorImpl.java:43)
at java.base/java.lang.reflect.Method.invoke(Method.java:567)
at org.testng.internal.MethodInvocationHelper.invokeMethod(MethodInvocationHelper.java:134)
at org.testng.internal.MethodInvocationHelper.invokeMethodConsideringTimeout(MethodInvocationHelper.java:63)
at org.testng.internal.ConfigInvoker.invokeConfigurationMethod(ConfigInvoker.java:348)
at org.testng.internal.ConfigInvoker.invokeConfigurations(ConfigInvoker.java:302)
at org.testng.TestRunner.invokeTestConfigurations(TestRunner.java:619)
at org.testng.TestRunner.afterRun(TestRunner.java:849)
at org.testng.TestRunner.run(TestRunner.java:590)
at org.testng.SuiteRunner.runTest(SuiteRunner.java:384)
at org.testng.SuiteRunner.access$000(SuiteRunner.java:28)
at org.testng.SuiteRunner$SuiteWorker.run(SuiteRunner.java:425)
at org.testng.internal.thread.ThreadUtil.lambda$execute$0(ThreadUtil.java:68)
at java.base/java.util.concurrent.FutureTask.run(FutureTask.java:264)
at java.base/java.util.concurrent.ThreadPoolExecutor.runWorker(ThreadPoolExecutor.java:1128)
at java.base/java.util.concurrent.ThreadPoolExecutor$Worker.run(ThreadPoolExecutor.java:628)
at java.base/java.lang.Thread.run(Thread.java:830)
]]>
    </error>
  </testcase> <!-- endTest -->
  <system-out/>
</testsuite> <!-- test.testcases -->
